2023-07-13 14:55:05.706 INFO  [kea-dhcp4.hosts/1.140707338973056] HOSTS_BACKENDS_REGISTERED the following host backend types are available: mysql postgresql 
2023-07-13 14:55:05.707 WARN  [kea-dhcp4.dhcp4/1.140707338973056] DHCP4_RESERVATIONS_LOOKUP_FIRST_ENABLED Multi-threading is enabled and host reservations lookup is always performed first.
2023-07-13 14:55:05.707 INFO  [kea-dhcp4.dhcpsrv/1.140707338973056] DHCPSRV_CFGMGR_SOCKET_TYPE_SELECT using socket type raw
2023-07-13 14:55:05.707 INFO  [kea-dhcp4.dhcpsrv/1.140707338973056] DHCPSRV_CFGMGR_NEW_SUBNET4 a new subnet has been added to configuration: 172.17.0.0/16 with params: t1=900, t2=1800, valid-lifetime=6000
2023-07-13 14:55:05.708 INFO  [kea-dhcp4.commands/1.140707338973056] COMMAND_ACCEPTOR_START Starting to accept connections via unix domain socket bound to /kea/sockets/dhcp4.socket
2023-07-13 14:55:05.708 INFO  [kea-dhcp4.dhcp4/1.140707338973056] DHCP4_CONFIG_COMPLETE DHCPv4 server has completed configuration: added IPv4 subnets: 1; DDNS: disabled
2023-07-13 14:55:05.708 INFO  [kea-dhcp4.dhcpsrv/1.140707338973056] DHCPSRV_MEMFILE_DB opening memory file lease database: lfc-interval=3600 name=/kea/leases/dhcp4.csv type=memfile universe=4
2023-07-13 14:55:05.709 INFO  [kea-dhcp4.dhcpsrv/1.140707338973056] DHCPSRV_MEMFILE_LEASE_FILE_LOAD loading leases from file /kea/leases/dhcp4.csv
2023-07-13 14:55:05.709 INFO  [kea-dhcp4.dhcpsrv/1.140707338973056] DHCPSRV_MEMFILE_LFC_SETUP setting up the Lease File Cleanup interval to 3600 sec
2023-07-13 14:55:05.735 WARN  [kea-dhcp4.dhcpsrv/1.140707338973056] DHCPSRV_OPEN_SOCKET_FAIL failed to open socket: the interface docker0 is not running
2023-07-13 14:55:05.761 WARN  [kea-dhcp4.dhcpsrv/1.140707338973056] DHCPSRV_OPEN_SOCKET_FAIL failed to open socket: the interface vethee3a29e has no usable IPv4 addresses configured
2023-07-13 14:55:05.761 WARN  [kea-dhcp4.dhcpsrv/1.140707338973056] DHCPSRV_OPEN_SOCKET_FAIL failed to open socket: the interface br-8a6fe04f526d is not running
2023-07-13 14:55:05.761 WARN  [kea-dhcp4.dhcpsrv/1.140707338973056] DHCPSRV_OPEN_SOCKET_FAIL failed to open socket: the interface vetha7071ac is down
2023-07-13 14:55:05.761 WARN  [kea-dhcp4.dhcpsrv/1.140707338973056] DHCPSRV_OPEN_SOCKET_FAIL failed to open socket: the interface veth0f524ab is not running
2023-07-13 14:55:05.761 INFO  [kea-dhcp4.dhcp4/1.140707338973056] DHCP4_OPEN_SOCKETS_FAILED maximum number of open service sockets attempts: 0, has been exhausted without success
2023-07-13 14:55:05.761 WARN  [kea-dhcp4.dhcp4/1.140707338973056] DHCP4_MULTI_THREADING_INFO enabled: yes, number of threads: 4, queue size: 28
2023-07-13 14:55:05.761 INFO  [kea-dhcp4.dhcp4/1.140707338973056] DHCP4_STARTED Kea DHCPv4 server version 2.2.0 started
2023-07-13 14:57:20.291 INFO  [kea-dhcp4.dhcp4/1.140707338973056] DHCP4_SHUTDOWN server shutdown
2023-07-13 15:07:47.104 INFO  [kea-dhcp4.hosts/1.139704883519360] HOSTS_BACKENDS_REGISTERED the following host backend types are available: mysql postgresql 
2023-07-13 15:07:47.104 WARN  [kea-dhcp4.dhcp4/1.139704883519360] DHCP4_RESERVATIONS_LOOKUP_FIRST_ENABLED Multi-threading is enabled and host reservations lookup is always performed first.
2023-07-13 15:07:47.104 INFO  [kea-dhcp4.dhcpsrv/1.139704883519360] DHCPSRV_CFGMGR_SOCKET_TYPE_SELECT using socket type raw
2023-07-13 15:07:47.104 INFO  [kea-dhcp4.dhcpsrv/1.139704883519360] DHCPSRV_CFGMGR_NEW_SUBNET4 a new subnet has been added to configuration: 172.17.0.0/16 with params: t1=900, t2=1800, valid-lifetime=6000
2023-07-13 15:07:47.105 INFO  [kea-dhcp4.commands/1.139704883519360] COMMAND_ACCEPTOR_START Starting to accept connections via unix domain socket bound to /kea/sockets/dhcp4.socket
2023-07-13 15:07:47.105 INFO  [kea-dhcp4.dhcp4/1.139704883519360] DHCP4_CONFIG_COMPLETE DHCPv4 server has completed configuration: added IPv4 subnets: 1; DDNS: disabled
2023-07-13 15:07:47.105 INFO  [kea-dhcp4.dhcpsrv/1.139704883519360] DHCPSRV_MEMFILE_DB opening memory file lease database: lfc-interval=3600 name=/kea/leases/dhcp4.csv type=memfile universe=4
2023-07-13 15:07:47.105 INFO  [kea-dhcp4.dhcpsrv/1.139704883519360] DHCPSRV_MEMFILE_LEASE_FILE_LOAD loading leases from file /kea/leases/dhcp4.csv
2023-07-13 15:07:47.105 INFO  [kea-dhcp4.dhcpsrv/1.139704883519360] DHCPSRV_MEMFILE_LFC_SETUP setting up the Lease File Cleanup interval to 3600 sec
2023-07-13 15:07:47.144 WARN  [kea-dhcp4.dhcp4/1.139704883519360] DHCP4_MULTI_THREADING_INFO enabled: yes, number of threads: 4, queue size: 28
2023-07-13 15:07:47.145 INFO  [kea-dhcp4.dhcp4/1.139704883519360] DHCP4_STARTED Kea DHCPv4 server version 2.2.0 started
2023-07-13 16:07:47.218 INFO  [kea-dhcp4.dhcpsrv/1.139704883519360] DHCPSRV_MEMFILE_LFC_START starting Lease File Cleanup
2023-07-13 16:07:47.220 INFO  [kea-dhcp4.dhcpsrv/1.139704883519360] DHCPSRV_MEMFILE_LFC_EXECUTE executing Lease File Cleanup using: /usr/local/sbin/kea-lfc -4 -x /kea/leases/dhcp4.csv.2 -i /kea/leases/dhcp4.csv.1 -o /kea/leases/dhcp4.csv.output -f /kea/leases/dhcp4.csv.completed -p /kea/leases/dhcp4.csv.pid -c ignored-path
2023-07-13 16:20:26.433 INFO  [kea-dhcp4.commands/1.139704883519360] COMMAND_RECEIVED Received command 'config-get'
2023-07-13 16:21:05.738 INFO  [kea-dhcp4.commands/1.139704883519360] COMMAND_RECEIVED Received command 'config-get'
2023-07-13 16:30:24.082 INFO  [kea-dhcp4.commands/1.139704883519360] COMMAND_RECEIVED Received command 'config-get'
2023-07-13 16:30:41.766 INFO  [kea-dhcp4.commands/1.139704883519360] COMMAND_RECEIVED Received command 'config-test'
2023-07-13 16:30:51.485 INFO  [kea-dhcp4.commands/1.139704883519360] COMMAND_RECEIVED Received command 'config-test'
2023-07-13 16:31:34.949 INFO  [kea-dhcp4.commands/1.139704883519360] COMMAND_RECEIVED Received command 'config-get'
2023-07-13 17:07:47.423 INFO  [kea-dhcp4.dhcpsrv/1.139704883519360] DHCPSRV_MEMFILE_LFC_START starting Lease File Cleanup
2023-07-13 17:07:47.424 INFO  [kea-dhcp4.dhcpsrv/1.139704883519360] DHCPSRV_MEMFILE_LFC_EXECUTE executing Lease File Cleanup using: /usr/local/sbin/kea-lfc -4 -x /kea/leases/dhcp4.csv.2 -i /kea/leases/dhcp4.csv.1 -o /kea/leases/dhcp4.csv.output -f /kea/leases/dhcp4.csv.completed -p /kea/leases/dhcp4.csv.pid -c ignored-path
2023-07-13 18:07:47.552 INFO  [kea-dhcp4.dhcpsrv/1.139704883519360] DHCPSRV_MEMFILE_LFC_START starting Lease File Cleanup
2023-07-13 18:07:47.553 INFO  [kea-dhcp4.dhcpsrv/1.139704883519360] DHCPSRV_MEMFILE_LFC_EXECUTE executing Lease File Cleanup using: /usr/local/sbin/kea-lfc -4 -x /kea/leases/dhcp4.csv.2 -i /kea/leases/dhcp4.csv.1 -o /kea/leases/dhcp4.csv.output -f /kea/leases/dhcp4.csv.completed -p /kea/leases/dhcp4.csv.pid -c ignored-path
2023-07-13 19:07:47.800 INFO  [kea-dhcp4.dhcpsrv/1.139704883519360] DHCPSRV_MEMFILE_LFC_START starting Lease File Cleanup
2023-07-13 19:07:47.801 INFO  [kea-dhcp4.dhcpsrv/1.139704883519360] DHCPSRV_MEMFILE_LFC_EXECUTE executing Lease File Cleanup using: /usr/local/sbin/kea-lfc -4 -x /kea/leases/dhcp4.csv.2 -i /kea/leases/dhcp4.csv.1 -o /kea/leases/dhcp4.csv.output -f /kea/leases/dhcp4.csv.completed -p /kea/leases/dhcp4.csv.pid -c ignored-path
2023-07-13 20:07:48.069 INFO  [kea-dhcp4.dhcpsrv/1.139704883519360] DHCPSRV_MEMFILE_LFC_START starting Lease File Cleanup
2023-07-13 20:07:48.070 INFO  [kea-dhcp4.dhcpsrv/1.139704883519360] DHCPSRV_MEMFILE_LFC_EXECUTE executing Lease File Cleanup using: /usr/local/sbin/kea-lfc -4 -x /kea/leases/dhcp4.csv.2 -i /kea/leases/dhcp4.csv.1 -o /kea/leases/dhcp4.csv.output -f /kea/leases/dhcp4.csv.completed -p /kea/leases/dhcp4.csv.pid -c ignored-path
2023-07-13 20:28:36.539 INFO  [kea-dhcp4.commands/1.139704883519360] COMMAND_RECEIVED Received command 'config-set'
2023-07-13 20:46:00.733 INFO  [kea-dhcp4.hosts/1.140642531143552] HOSTS_BACKENDS_REGISTERED the following host backend types are available: mysql postgresql 
2023-07-13 20:46:00.733 WARN  [kea-dhcp4.dhcp4/1.140642531143552] DHCP4_RESERVATIONS_LOOKUP_FIRST_ENABLED Multi-threading is enabled and host reservations lookup is always performed first.
2023-07-13 20:46:00.733 INFO  [kea-dhcp4.dhcpsrv/1.140642531143552] DHCPSRV_CFGMGR_SOCKET_TYPE_SELECT using socket type raw
2023-07-13 20:46:00.733 INFO  [kea-dhcp4.dhcpsrv/1.140642531143552] DHCPSRV_CFGMGR_NEW_SUBNET4 a new subnet has been added to configuration: 172.17.0.0/16 with params: t1=900, t2=1800, valid-lifetime=6000
2023-07-13 20:46:00.734 INFO  [kea-dhcp4.commands/1.140642531143552] COMMAND_ACCEPTOR_START Starting to accept connections via unix domain socket bound to /kea/sockets/dhcp4.socket
2023-07-13 20:46:00.734 INFO  [kea-dhcp4.dhcp4/1.140642531143552] DHCP4_CONFIG_COMPLETE DHCPv4 server has completed configuration: added IPv4 subnets: 1; DDNS: disabled
2023-07-13 20:46:00.734 INFO  [kea-dhcp4.dhcpsrv/1.140642531143552] DHCPSRV_MEMFILE_DB opening memory file lease database: lfc-interval=3600 name=/kea/leases/dhcp4.csv type=memfile universe=4
2023-07-13 20:46:00.734 INFO  [kea-dhcp4.dhcpsrv/1.140642531143552] DHCPSRV_MEMFILE_LEASE_FILE_LOAD loading leases from file /kea/leases/dhcp4.csv.2
2023-07-13 20:46:00.734 INFO  [kea-dhcp4.dhcpsrv/1.140642531143552] DHCPSRV_MEMFILE_LEASE_FILE_LOAD loading leases from file /kea/leases/dhcp4.csv
2023-07-13 20:46:00.734 INFO  [kea-dhcp4.dhcpsrv/1.140642531143552] DHCPSRV_MEMFILE_LFC_SETUP setting up the Lease File Cleanup interval to 3600 sec
2023-07-13 20:46:00.764 WARN  [kea-dhcp4.dhcp4/1.140642531143552] DHCP4_MULTI_THREADING_INFO enabled: yes, number of threads: 4, queue size: 28
2023-07-13 20:46:00.764 INFO  [kea-dhcp4.dhcp4/1.140642531143552] DHCP4_STARTED Kea DHCPv4 server version 2.2.0 started
2023-07-13 20:46:13.587 INFO  [kea-dhcp4.commands/1.140642531143552] COMMAND_RECEIVED Received command 'config-get'
2023-07-13 20:46:50.557 INFO  [kea-dhcp4.commands/1.140642531143552] COMMAND_RECEIVED Received command 'config-set'
2023-07-13 20:48:35.877 INFO  [kea-dhcp4.commands/1.140642531143552] COMMAND_RECEIVED Received command 'config-set'
2023-07-13 20:48:35.892 FATAL [kea-dhcp4.dhcp4/1.140642531143552] DHCP4_CONFIG_UNRECOVERABLE_ERROR DHCPv4 server new configuration failed with an error which cannot be recovered
2023-07-13 20:56:09.545 INFO  [kea-dhcp4.commands/1.140642531143552] COMMAND_RECEIVED Received command 'subnet4-list'
2023-07-13 21:00:30.047 INFO  [kea-dhcp4.commands/1.140642531143552] COMMAND_RECEIVED Received command 'subnet4-list'
2023-07-13 21:11:11.672 WARN  [kea-dhcp4.commands/1.140642531143552] COMMAND_PROCESS_ERROR1 Error while processing command: error: unexpected character s in <wire>:0:14
2023-07-13 21:11:27.564 INFO  [kea-dhcp4.commands/1.140642531143552] COMMAND_RECEIVED Received command 'subnet4-list'
2023-07-13 21:11:55.314 INFO  [kea-dhcp4.commands/1.140642531143552] COMMAND_RECEIVED Received command 'version-get'
2023-07-13 21:12:37.316 INFO  [kea-dhcp4.commands/1.140642531143552] COMMAND_RECEIVED Received command 'network4-list'
2023-07-13 21:13:49.973 INFO  [kea-dhcp4.commands/1.140642531143552] COMMAND_RECEIVED Received command 'command-list'
2023-07-13 21:23:59.549 INFO  [kea-dhcp4.commands/1.140642531143552] COMMAND_RECEIVED Received command 'list-commands'
2023-07-13 21:31:11.100 INFO  [kea-dhcp4.commands/1.140642531143552] COMMAND_RECEIVED Received command 'lease4-get-all'
2023-07-13 23:05:11.617 INFO  [kea-dhcp4.commands/1.140642531143552] COMMAND_RECEIVED Received command 'config-get'
2023-07-13 23:05:35.358 INFO  [kea-dhcp4.commands/1.140642531143552] COMMAND_RECEIVED Received command 'list-commands'
2023-07-13 23:06:02.679 INFO  [kea-dhcp4.commands/1.140642531143552] COMMAND_RECEIVED Received command 'build-report'
2023-07-13 23:06:38.240 INFO  [kea-dhcp4.commands/1.140642531143552] COMMAND_RECEIVED Received command 'build-report'
2023-10-05 15:53:50.363 INFO  [kea-dhcp4.hosts/1.140074610184064] HOSTS_BACKENDS_REGISTERED the following host backend types are available: mysql postgresql 
2023-10-05 15:53:50.364 WARN  [kea-dhcp4.dhcp4/1.140074610184064] DHCP4_RESERVATIONS_LOOKUP_FIRST_ENABLED Multi-threading is enabled and host reservations lookup is always performed first.
2023-10-05 15:53:50.364 INFO  [kea-dhcp4.dhcpsrv/1.140074610184064] DHCPSRV_CFGMGR_SOCKET_TYPE_SELECT using socket type raw
2023-10-05 15:53:50.368 INFO  [kea-dhcp4.hooks/1.140074610184064] HOOKS_LIBRARY_CLOSED hooks library /usr/local/lib/kea/hooks/libdhcp_lease_cmds.so successfully closed
2023-10-05 15:53:50.369 INFO  [kea-dhcp4.dhcpsrv/1.140074610184064] DHCPSRV_CFGMGR_NEW_SUBNET4 a new subnet has been added to configuration: 172.17.0.0/16 with params: t1=900, t2=1800, valid-lifetime=6000
2023-10-05 15:53:50.369 INFO  [kea-dhcp4.dhcpsrv/1.140074610184064] DHCPSRV_CFGMGR_NEW_SUBNET4 a new subnet has been added to configuration: 10.0.0.0/24 with params: t1=900, t2=1800, valid-lifetime=6000
2023-10-05 15:53:50.370 INFO  [kea-dhcp4.commands/1.140074610184064] COMMAND_ACCEPTOR_START Starting to accept connections via unix domain socket bound to /kea/sockets/dhcp4.socket
2023-10-05 15:53:50.372 INFO  [kea-dhcp4.lease-cmds-hooks/1.140074610184064] LEASE_CMDS_INIT_OK loading Lease Commands hooks library successful
2023-10-05 15:53:50.372 INFO  [kea-dhcp4.hooks/1.140074610184064] HOOKS_LIBRARY_LOADED hooks library /usr/local/lib/kea/hooks/libdhcp_lease_cmds.so successfully loaded
2023-10-05 15:53:50.373 INFO  [kea-dhcp4.dhcp4/1.140074610184064] DHCP4_CONFIG_COMPLETE DHCPv4 server has completed configuration: added IPv4 subnets: 2; DDNS: disabled
2023-10-05 15:53:50.373 INFO  [kea-dhcp4.dhcpsrv/1.140074610184064] DHCPSRV_MEMFILE_DB opening memory file lease database: lfc-interval=3600 name=/kea/leases/dhcp4.csv type=memfile universe=4
2023-10-05 15:53:50.373 INFO  [kea-dhcp4.dhcpsrv/1.140074610184064] DHCPSRV_MEMFILE_LEASE_FILE_LOAD loading leases from file /kea/leases/dhcp4.csv.2
2023-10-05 15:53:50.373 INFO  [kea-dhcp4.dhcpsrv/1.140074610184064] DHCPSRV_MEMFILE_LEASE_FILE_LOAD loading leases from file /kea/leases/dhcp4.csv
2023-10-05 15:53:50.373 INFO  [kea-dhcp4.dhcpsrv/1.140074610184064] DHCPSRV_MEMFILE_LFC_SETUP setting up the Lease File Cleanup interval to 3600 sec
2023-10-05 15:53:50.396 WARN  [kea-dhcp4.dhcp4/1.140074610184064] DHCP4_MULTI_THREADING_INFO enabled: yes, number of threads: 4, queue size: 28
2023-10-05 15:53:50.396 INFO  [kea-dhcp4.dhcp4/1.140074610184064] DHCP4_STARTED Kea DHCPv4 server version 2.2.0 started
2023-10-05 16:53:50.385 INFO  [kea-dhcp4.dhcpsrv/1.140074610184064] DHCPSRV_MEMFILE_LFC_START starting Lease File Cleanup
2023-10-05 16:53:50.386 INFO  [kea-dhcp4.dhcpsrv/1.140074610184064] DHCPSRV_MEMFILE_LFC_EXECUTE executing Lease File Cleanup using: /usr/local/sbin/kea-lfc -4 -x /kea/leases/dhcp4.csv.2 -i /kea/leases/dhcp4.csv.1 -o /kea/leases/dhcp4.csv.output -f /kea/leases/dhcp4.csv.completed -p /kea/leases/dhcp4.csv.pid -c ignored-path
2023-10-05 17:53:51.347 INFO  [kea-dhcp4.dhcpsrv/1.140074610184064] DHCPSRV_MEMFILE_LFC_START starting Lease File Cleanup
2023-10-05 17:53:51.348 INFO  [kea-dhcp4.dhcpsrv/1.140074610184064] DHCPSRV_MEMFILE_LFC_EXECUTE executing Lease File Cleanup using: /usr/local/sbin/kea-lfc -4 -x /kea/leases/dhcp4.csv.2 -i /kea/leases/dhcp4.csv.1 -o /kea/leases/dhcp4.csv.output -f /kea/leases/dhcp4.csv.completed -p /kea/leases/dhcp4.csv.pid -c ignored-path
2023-10-05 18:53:51.357 INFO  [kea-dhcp4.dhcpsrv/1.140074610184064] DHCPSRV_MEMFILE_LFC_START starting Lease File Cleanup
2023-10-05 18:53:51.358 INFO  [kea-dhcp4.dhcpsrv/1.140074610184064] DHCPSRV_MEMFILE_LFC_EXECUTE executing Lease File Cleanup using: /usr/local/sbin/kea-lfc -4 -x /kea/leases/dhcp4.csv.2 -i /kea/leases/dhcp4.csv.1 -o /kea/leases/dhcp4.csv.output -f /kea/leases/dhcp4.csv.completed -p /kea/leases/dhcp4.csv.pid -c ignored-path
2023-10-05 19:53:52.282 INFO  [kea-dhcp4.dhcpsrv/1.140074610184064] DHCPSRV_MEMFILE_LFC_START starting Lease File Cleanup
2023-10-05 19:53:52.283 INFO  [kea-dhcp4.dhcpsrv/1.140074610184064] DHCPSRV_MEMFILE_LFC_EXECUTE executing Lease File Cleanup using: /usr/local/sbin/kea-lfc -4 -x /kea/leases/dhcp4.csv.2 -i /kea/leases/dhcp4.csv.1 -o /kea/leases/dhcp4.csv.output -f /kea/leases/dhcp4.csv.completed -p /kea/leases/dhcp4.csv.pid -c ignored-path
2023-10-05 20:53:52.294 INFO  [kea-dhcp4.dhcpsrv/1.140074610184064] DHCPSRV_MEMFILE_LFC_START starting Lease File Cleanup
2023-10-05 20:53:52.295 INFO  [kea-dhcp4.dhcpsrv/1.140074610184064] DHCPSRV_MEMFILE_LFC_EXECUTE executing Lease File Cleanup using: /usr/local/sbin/kea-lfc -4 -x /kea/leases/dhcp4.csv.2 -i /kea/leases/dhcp4.csv.1 -o /kea/leases/dhcp4.csv.output -f /kea/leases/dhcp4.csv.completed -p /kea/leases/dhcp4.csv.pid -c ignored-path
2023-10-05 21:53:52.318 INFO  [kea-dhcp4.dhcpsrv/1.140074610184064] DHCPSRV_MEMFILE_LFC_START starting Lease File Cleanup
2023-10-05 21:53:52.320 INFO  [kea-dhcp4.dhcpsrv/1.140074610184064] DHCPSRV_MEMFILE_LFC_EXECUTE executing Lease File Cleanup using: /usr/local/sbin/kea-lfc -4 -x /kea/leases/dhcp4.csv.2 -i /kea/leases/dhcp4.csv.1 -o /kea/leases/dhcp4.csv.output -f /kea/leases/dhcp4.csv.completed -p /kea/leases/dhcp4.csv.pid -c ignored-path
2023-10-05 22:53:53.258 INFO  [kea-dhcp4.dhcpsrv/1.140074610184064] DHCPSRV_MEMFILE_LFC_START starting Lease File Cleanup
2023-10-05 22:53:53.259 INFO  [kea-dhcp4.dhcpsrv/1.140074610184064] DHCPSRV_MEMFILE_LFC_EXECUTE executing Lease File Cleanup using: /usr/local/sbin/kea-lfc -4 -x /kea/leases/dhcp4.csv.2 -i /kea/leases/dhcp4.csv.1 -o /kea/leases/dhcp4.csv.output -f /kea/leases/dhcp4.csv.completed -p /kea/leases/dhcp4.csv.pid -c ignored-path
2023-10-05 23:53:54.252 INFO  [kea-dhcp4.dhcpsrv/1.140074610184064] DHCPSRV_MEMFILE_LFC_START starting Lease File Cleanup
2023-10-05 23:53:54.254 INFO  [kea-dhcp4.dhcpsrv/1.140074610184064] DHCPSRV_MEMFILE_LFC_EXECUTE executing Lease File Cleanup using: /usr/local/sbin/kea-lfc -4 -x /kea/leases/dhcp4.csv.2 -i /kea/leases/dhcp4.csv.1 -o /kea/leases/dhcp4.csv.output -f /kea/leases/dhcp4.csv.completed -p /kea/leases/dhcp4.csv.pid -c ignored-path
2023-10-06 00:53:54.265 INFO  [kea-dhcp4.dhcpsrv/1.140074610184064] DHCPSRV_MEMFILE_LFC_START starting Lease File Cleanup
2023-10-06 00:53:54.267 INFO  [kea-dhcp4.dhcpsrv/1.140074610184064] DHCPSRV_MEMFILE_LFC_EXECUTE executing Lease File Cleanup using: /usr/local/sbin/kea-lfc -4 -x /kea/leases/dhcp4.csv.2 -i /kea/leases/dhcp4.csv.1 -o /kea/leases/dhcp4.csv.output -f /kea/leases/dhcp4.csv.completed -p /kea/leases/dhcp4.csv.pid -c ignored-path
2023-10-06 01:53:55.266 INFO  [kea-dhcp4.dhcpsrv/1.140074610184064] DHCPSRV_MEMFILE_LFC_START starting Lease File Cleanup
2023-10-06 01:53:55.267 INFO  [kea-dhcp4.dhcpsrv/1.140074610184064] DHCPSRV_MEMFILE_LFC_EXECUTE executing Lease File Cleanup using: /usr/local/sbin/kea-lfc -4 -x /kea/leases/dhcp4.csv.2 -i /kea/leases/dhcp4.csv.1 -o /kea/leases/dhcp4.csv.output -f /kea/leases/dhcp4.csv.completed -p /kea/leases/dhcp4.csv.pid -c ignored-path
2023-10-06 02:53:56.249 INFO  [kea-dhcp4.dhcpsrv/1.140074610184064] DHCPSRV_MEMFILE_LFC_START starting Lease File Cleanup
2023-10-06 02:53:56.251 INFO  [kea-dhcp4.dhcpsrv/1.140074610184064] DHCPSRV_MEMFILE_LFC_EXECUTE executing Lease File Cleanup using: /usr/local/sbin/kea-lfc -4 -x /kea/leases/dhcp4.csv.2 -i /kea/leases/dhcp4.csv.1 -o /kea/leases/dhcp4.csv.output -f /kea/leases/dhcp4.csv.completed -p /kea/leases/dhcp4.csv.pid -c ignored-path
2023-10-06 03:53:57.238 INFO  [kea-dhcp4.dhcpsrv/1.140074610184064] DHCPSRV_MEMFILE_LFC_START starting Lease File Cleanup
2023-10-06 03:53:57.239 INFO  [kea-dhcp4.dhcpsrv/1.140074610184064] DHCPSRV_MEMFILE_LFC_EXECUTE executing Lease File Cleanup using: /usr/local/sbin/kea-lfc -4 -x /kea/leases/dhcp4.csv.2 -i /kea/leases/dhcp4.csv.1 -o /kea/leases/dhcp4.csv.output -f /kea/leases/dhcp4.csv.completed -p /kea/leases/dhcp4.csv.pid -c ignored-path
2023-10-06 04:53:58.212 INFO  [kea-dhcp4.dhcpsrv/1.140074610184064] DHCPSRV_MEMFILE_LFC_START starting Lease File Cleanup
2023-10-06 04:53:58.213 INFO  [kea-dhcp4.dhcpsrv/1.140074610184064] DHCPSRV_MEMFILE_LFC_EXECUTE executing Lease File Cleanup using: /usr/local/sbin/kea-lfc -4 -x /kea/leases/dhcp4.csv.2 -i /kea/leases/dhcp4.csv.1 -o /kea/leases/dhcp4.csv.output -f /kea/leases/dhcp4.csv.completed -p /kea/leases/dhcp4.csv.pid -c ignored-path
2023-10-06 05:53:58.233 INFO  [kea-dhcp4.dhcpsrv/1.140074610184064] DHCPSRV_MEMFILE_LFC_START starting Lease File Cleanup
2023-10-06 05:53:58.235 INFO  [kea-dhcp4.dhcpsrv/1.140074610184064] DHCPSRV_MEMFILE_LFC_EXECUTE executing Lease File Cleanup using: /usr/local/sbin/kea-lfc -4 -x /kea/leases/dhcp4.csv.2 -i /kea/leases/dhcp4.csv.1 -o /kea/leases/dhcp4.csv.output -f /kea/leases/dhcp4.csv.completed -p /kea/leases/dhcp4.csv.pid -c ignored-path
2023-10-06 06:53:59.233 INFO  [kea-dhcp4.dhcpsrv/1.140074610184064] DHCPSRV_MEMFILE_LFC_START starting Lease File Cleanup
2023-10-06 06:53:59.234 INFO  [kea-dhcp4.dhcpsrv/1.140074610184064] DHCPSRV_MEMFILE_LFC_EXECUTE executing Lease File Cleanup using: /usr/local/sbin/kea-lfc -4 -x /kea/leases/dhcp4.csv.2 -i /kea/leases/dhcp4.csv.1 -o /kea/leases/dhcp4.csv.output -f /kea/leases/dhcp4.csv.completed -p /kea/leases/dhcp4.csv.pid -c ignored-path
2023-10-06 07:54:00.202 INFO  [kea-dhcp4.dhcpsrv/1.140074610184064] DHCPSRV_MEMFILE_LFC_START starting Lease File Cleanup
2023-10-06 07:54:00.204 INFO  [kea-dhcp4.dhcpsrv/1.140074610184064] DHCPSRV_MEMFILE_LFC_EXECUTE executing Lease File Cleanup using: /usr/local/sbin/kea-lfc -4 -x /kea/leases/dhcp4.csv.2 -i /kea/leases/dhcp4.csv.1 -o /kea/leases/dhcp4.csv.output -f /kea/leases/dhcp4.csv.completed -p /kea/leases/dhcp4.csv.pid -c ignored-path
2023-10-06 08:54:00.203 INFO  [kea-dhcp4.dhcpsrv/1.140074610184064] DHCPSRV_MEMFILE_LFC_START starting Lease File Cleanup
2023-10-06 08:54:00.204 INFO  [kea-dhcp4.dhcpsrv/1.140074610184064] DHCPSRV_MEMFILE_LFC_EXECUTE executing Lease File Cleanup using: /usr/local/sbin/kea-lfc -4 -x /kea/leases/dhcp4.csv.2 -i /kea/leases/dhcp4.csv.1 -o /kea/leases/dhcp4.csv.output -f /kea/leases/dhcp4.csv.completed -p /kea/leases/dhcp4.csv.pid -c ignored-path
2023-10-06 09:54:00.275 INFO  [kea-dhcp4.dhcpsrv/1.140074610184064] DHCPSRV_MEMFILE_LFC_START starting Lease File Cleanup
2023-10-06 09:54:00.276 INFO  [kea-dhcp4.dhcpsrv/1.140074610184064] DHCPSRV_MEMFILE_LFC_EXECUTE executing Lease File Cleanup using: /usr/local/sbin/kea-lfc -4 -x /kea/leases/dhcp4.csv.2 -i /kea/leases/dhcp4.csv.1 -o /kea/leases/dhcp4.csv.output -f /kea/leases/dhcp4.csv.completed -p /kea/leases/dhcp4.csv.pid -c ignored-path
2023-10-06 10:54:00.313 INFO  [kea-dhcp4.dhcpsrv/1.140074610184064] DHCPSRV_MEMFILE_LFC_START starting Lease File Cleanup
2023-10-06 10:54:00.314 INFO  [kea-dhcp4.dhcpsrv/1.140074610184064] DHCPSRV_MEMFILE_LFC_EXECUTE executing Lease File Cleanup using: /usr/local/sbin/kea-lfc -4 -x /kea/leases/dhcp4.csv.2 -i /kea/leases/dhcp4.csv.1 -o /kea/leases/dhcp4.csv.output -f /kea/leases/dhcp4.csv.completed -p /kea/leases/dhcp4.csv.pid -c ignored-path
2023-10-06 11:54:00.324 INFO  [kea-dhcp4.dhcpsrv/1.140074610184064] DHCPSRV_MEMFILE_LFC_START starting Lease File Cleanup
2023-10-06 11:54:00.325 INFO  [kea-dhcp4.dhcpsrv/1.140074610184064] DHCPSRV_MEMFILE_LFC_EXECUTE executing Lease File Cleanup using: /usr/local/sbin/kea-lfc -4 -x /kea/leases/dhcp4.csv.2 -i /kea/leases/dhcp4.csv.1 -o /kea/leases/dhcp4.csv.output -f /kea/leases/dhcp4.csv.completed -p /kea/leases/dhcp4.csv.pid -c ignored-path
2023-10-06 12:54:00.342 INFO  [kea-dhcp4.dhcpsrv/1.140074610184064] DHCPSRV_MEMFILE_LFC_START starting Lease File Cleanup
2023-10-06 12:54:00.344 INFO  [kea-dhcp4.dhcpsrv/1.140074610184064] DHCPSRV_MEMFILE_LFC_EXECUTE executing Lease File Cleanup using: /usr/local/sbin/kea-lfc -4 -x /kea/leases/dhcp4.csv.2 -i /kea/leases/dhcp4.csv.1 -o /kea/leases/dhcp4.csv.output -f /kea/leases/dhcp4.csv.completed -p /kea/leases/dhcp4.csv.pid -c ignored-path
2023-10-06 13:54:01.334 INFO  [kea-dhcp4.dhcpsrv/1.140074610184064] DHCPSRV_MEMFILE_LFC_START starting Lease File Cleanup
2023-10-06 13:54:01.336 INFO  [kea-dhcp4.dhcpsrv/1.140074610184064] DHCPSRV_MEMFILE_LFC_EXECUTE executing Lease File Cleanup using: /usr/local/sbin/kea-lfc -4 -x /kea/leases/dhcp4.csv.2 -i /kea/leases/dhcp4.csv.1 -o /kea/leases/dhcp4.csv.output -f /kea/leases/dhcp4.csv.completed -p /kea/leases/dhcp4.csv.pid -c ignored-path
2023-10-06 14:54:02.291 INFO  [kea-dhcp4.dhcpsrv/1.140074610184064] DHCPSRV_MEMFILE_LFC_START starting Lease File Cleanup
2023-10-06 14:54:02.292 INFO  [kea-dhcp4.dhcpsrv/1.140074610184064] DHCPSRV_MEMFILE_LFC_EXECUTE executing Lease File Cleanup using: /usr/local/sbin/kea-lfc -4 -x /kea/leases/dhcp4.csv.2 -i /kea/leases/dhcp4.csv.1 -o /kea/leases/dhcp4.csv.output -f /kea/leases/dhcp4.csv.completed -p /kea/leases/dhcp4.csv.pid -c ignored-path
2023-10-06 15:54:03.192 INFO  [kea-dhcp4.dhcpsrv/1.140074610184064] DHCPSRV_MEMFILE_LFC_START starting Lease File Cleanup
2023-10-06 15:54:03.194 INFO  [kea-dhcp4.dhcpsrv/1.140074610184064] DHCPSRV_MEMFILE_LFC_EXECUTE executing Lease File Cleanup using: /usr/local/sbin/kea-lfc -4 -x /kea/leases/dhcp4.csv.2 -i /kea/leases/dhcp4.csv.1 -o /kea/leases/dhcp4.csv.output -f /kea/leases/dhcp4.csv.completed -p /kea/leases/dhcp4.csv.pid -c ignored-path
2023-10-06 16:54:03.210 INFO  [kea-dhcp4.dhcpsrv/1.140074610184064] DHCPSRV_MEMFILE_LFC_START starting Lease File Cleanup
2023-10-06 16:54:03.211 INFO  [kea-dhcp4.dhcpsrv/1.140074610184064] DHCPSRV_MEMFILE_LFC_EXECUTE executing Lease File Cleanup using: /usr/local/sbin/kea-lfc -4 -x /kea/leases/dhcp4.csv.2 -i /kea/leases/dhcp4.csv.1 -o /kea/leases/dhcp4.csv.output -f /kea/leases/dhcp4.csv.completed -p /kea/leases/dhcp4.csv.pid -c ignored-path
2023-10-06 17:11:33.097 INFO  [kea-dhcp4.commands/1.140074610184064] COMMAND_RECEIVED Received command 'config-get'
2023-10-06 17:48:37.740 INFO  [kea-dhcp4.commands/1.140074610184064] COMMAND_RECEIVED Received command 'config-get'
2023-10-06 17:48:58.839 INFO  [kea-dhcp4.commands/1.140074610184064] COMMAND_RECEIVED Received command 'config-get'
2023-10-06 17:49:21.896 INFO  [kea-dhcp4.commands/1.140074610184064] COMMAND_RECEIVED Received command 'config-get'
2023-10-06 17:49:30.070 INFO  [kea-dhcp4.commands/1.140074610184064] COMMAND_RECEIVED Received command 'config-get'
2023-10-06 17:54:03.378 INFO  [kea-dhcp4.dhcpsrv/1.140074610184064] DHCPSRV_MEMFILE_LFC_START starting Lease File Cleanup
2023-10-06 17:54:03.380 INFO  [kea-dhcp4.dhcpsrv/1.140074610184064] DHCPSRV_MEMFILE_LFC_EXECUTE executing Lease File Cleanup using: /usr/local/sbin/kea-lfc -4 -x /kea/leases/dhcp4.csv.2 -i /kea/leases/dhcp4.csv.1 -o /kea/leases/dhcp4.csv.output -f /kea/leases/dhcp4.csv.completed -p /kea/leases/dhcp4.csv.pid -c ignored-path
2023-10-06 18:26:31.418 INFO  [kea-dhcp4.commands/1.140074610184064] COMMAND_RECEIVED Received command 'config-get'
2023-10-06 18:26:40.830 INFO  [kea-dhcp4.commands/1.140074610184064] COMMAND_RECEIVED Received command 'config-get'
2023-10-06 18:27:05.757 INFO  [kea-dhcp4.commands/1.140074610184064] COMMAND_RECEIVED Received command 'config-get'
2023-10-06 18:28:30.569 INFO  [kea-dhcp4.commands/1.140074610184064] COMMAND_RECEIVED Received command 'config-get'
2023-10-06 18:29:07.901 INFO  [kea-dhcp4.commands/1.140074610184064] COMMAND_RECEIVED Received command 'config-get'
2023-10-06 18:54:03.525 INFO  [kea-dhcp4.dhcpsrv/1.140074610184064] DHCPSRV_MEMFILE_LFC_START starting Lease File Cleanup
2023-10-06 18:54:03.527 INFO  [kea-dhcp4.dhcpsrv/1.140074610184064] DHCPSRV_MEMFILE_LFC_EXECUTE executing Lease File Cleanup using: /usr/local/sbin/kea-lfc -4 -x /kea/leases/dhcp4.csv.2 -i /kea/leases/dhcp4.csv.1 -o /kea/leases/dhcp4.csv.output -f /kea/leases/dhcp4.csv.completed -p /kea/leases/dhcp4.csv.pid -c ignored-path
2023-10-06 19:54:04.491 INFO  [kea-dhcp4.dhcpsrv/1.140074610184064] DHCPSRV_MEMFILE_LFC_START starting Lease File Cleanup
2023-10-06 19:54:04.492 INFO  [kea-dhcp4.dhcpsrv/1.140074610184064] DHCPSRV_MEMFILE_LFC_EXECUTE executing Lease File Cleanup using: /usr/local/sbin/kea-lfc -4 -x /kea/leases/dhcp4.csv.2 -i /kea/leases/dhcp4.csv.1 -o /kea/leases/dhcp4.csv.output -f /kea/leases/dhcp4.csv.completed -p /kea/leases/dhcp4.csv.pid -c ignored-path
2023-10-06 20:06:51.243 INFO  [kea-dhcp4.commands/1.140074610184064] COMMAND_RECEIVED Received command 'config-get'
2023-10-06 20:07:29.768 INFO  [kea-dhcp4.commands/1.140074610184064] COMMAND_RECEIVED Received command 'config-get'
2023-10-06 20:08:16.418 INFO  [kea-dhcp4.commands/1.140074610184064] COMMAND_RECEIVED Received command 'config-get'
2023-10-06 20:08:35.667 INFO  [kea-dhcp4.commands/1.140074610184064] COMMAND_RECEIVED Received command 'config-get'
2023-10-06 20:09:05.182 INFO  [kea-dhcp4.commands/1.140074610184064] COMMAND_RECEIVED Received command 'config-get'
2023-10-06 20:09:46.116 INFO  [kea-dhcp4.commands/1.140074610184064] COMMAND_RECEIVED Received command 'config-get'
2023-10-06 20:10:13.289 INFO  [kea-dhcp4.commands/1.140074610184064] COMMAND_RECEIVED Received command 'config-get'
2023-10-06 20:11:01.374 INFO  [kea-dhcp4.commands/1.140074610184064] COMMAND_RECEIVED Received command 'config-get'
2023-10-06 20:11:58.568 INFO  [kea-dhcp4.commands/1.140074610184064] COMMAND_RECEIVED Received command 'config-get'
2023-10-06 20:12:31.606 INFO  [kea-dhcp4.commands/1.140074610184064] COMMAND_RECEIVED Received command 'config-get'
2023-10-06 20:54:05.372 INFO  [kea-dhcp4.dhcpsrv/1.140074610184064] DHCPSRV_MEMFILE_LFC_START starting Lease File Cleanup
2023-10-06 20:54:05.373 INFO  [kea-dhcp4.dhcpsrv/1.140074610184064] DHCPSRV_MEMFILE_LFC_EXECUTE executing Lease File Cleanup using: /usr/local/sbin/kea-lfc -4 -x /kea/leases/dhcp4.csv.2 -i /kea/leases/dhcp4.csv.1 -o /kea/leases/dhcp4.csv.output -f /kea/leases/dhcp4.csv.completed -p /kea/leases/dhcp4.csv.pid -c ignored-path
2023-10-06 21:07:26.569 INFO  [kea-dhcp4.commands/1.140074610184064] COMMAND_RECEIVED Received command 'config-get'
2023-10-06 21:07:52.799 INFO  [kea-dhcp4.commands/1.140074610184064] COMMAND_RECEIVED Received command 'config-get'
2023-10-06 21:09:56.734 INFO  [kea-dhcp4.commands/1.140074610184064] COMMAND_RECEIVED Received command 'config-get'
2023-10-06 21:10:23.379 INFO  [kea-dhcp4.commands/1.140074610184064] COMMAND_RECEIVED Received command 'config-get'
2023-10-06 21:12:22.577 INFO  [kea-dhcp4.commands/1.140074610184064] COMMAND_RECEIVED Received command 'config-get'
2023-10-06 21:19:01.406 INFO  [kea-dhcp4.commands/1.140074610184064] COMMAND_RECEIVED Received command 'config-get'
2023-10-06 21:19:26.079 INFO  [kea-dhcp4.commands/1.140074610184064] COMMAND_RECEIVED Received command 'config-get'
2023-10-06 21:19:56.896 INFO  [kea-dhcp4.commands/1.140074610184064] COMMAND_RECEIVED Received command 'config-get'
2023-10-06 21:31:14.508 INFO  [kea-dhcp4.commands/1.140074610184064] COMMAND_RECEIVED Received command 'config-get'
2023-10-06 21:32:54.299 INFO  [kea-dhcp4.commands/1.140074610184064] COMMAND_RECEIVED Received command 'config-get'
